
  .   ____          _            __ _ _
 /\\ / ___'_ __ _ _(_)_ __  __ _ \ \ \ \
( ( )\___ | '_ | '_| | '_ \/ _` | \ \ \ \
 \\/  ___)| |_)| | | | | || (_| |  ) ) ) )
  '  |____| .__|_| |_|_| |_\__, | / / / /
 =========|_|==============|___/=/_/_/_/
 :: Spring Boot ::        (v2.1.3.RELEASE)

2019-03-04 17:49:43.035  INFO 19748 --- [           main] com.nieyue.Application                   : Starting Application with PID 19748 (/home/default/game_machine/BOOT-INF/classes started by root in /)
2019-03-04 17:49:43.039  INFO 19748 --- [           main] com.nieyue.Application                   : The following profiles are active: prod
2019-03-04 17:49:45.066  INFO 19748 --- [           main] .s.d.r.c.RepositoryConfigurationDelegate : Multiple Spring Data modules found, entering strict repository configuration mode!
2019-03-04 17:49:45.071  INFO 19748 --- [           main] .s.d.r.c.RepositoryConfigurationDelegate : Bootstrapping Spring Data repositories in DEFAULT mode.
2019-03-04 17:49:45.141  INFO 19748 --- [           main] .s.d.r.c.RepositoryConfigurationDelegate : Finished Spring Data repository scanning in 48ms. Found 0 repository interfaces.
2019-03-04 17:49:45.735  INFO 19748 --- [           main] trationDelegate$BeanPostProcessorChecker : Bean 'myLifecycleBeanPostProcessor' of type [com.nieyue.shiro.MyLifecycleBeanPostProcessor$$EnhancerBySpringCGLIB$$c87fbc7c] is not eligible for getting processed by all BeanPostProcessors (for example: not eligible for auto-proxying)
2019-03-04 17:49:45.809  INFO 19748 --- [           main] trationDelegate$BeanPostProcessorChecker : Bean 'org.springframework.amqp.rabbit.annotation.RabbitBootstrapConfiguration' of type [org.springframework.amqp.rabbit.annotation.RabbitBootstrapConfiguration$$EnhancerBySpringCGLIB$$51af5ec2] is not eligible for getting processed by all BeanPostProcessors (for example: not eligible for auto-proxying)
2019-03-04 17:49:46.189  INFO 19748 --- [           main] trationDelegate$BeanPostProcessorChecker : Bean 'mybatis-plus-com.baomidou.mybatisplus.spring.boot.starter.MybatisPlusProperties' of type [com.baomidou.mybatisplus.spring.boot.starter.MybatisPlusProperties] is not eligible for getting processed by all BeanPostProcessors (for example: not eligible for auto-proxying)
2019-03-04 17:49:46.210  INFO 19748 --- [           main] trationDelegate$BeanPostProcessorChecker : Bean 'org.springframework.transaction.annotation.ProxyTransactionManagementConfiguration' of type [org.springframework.transaction.annotation.ProxyTransactionManagementConfiguration$$EnhancerBySpringCGLIB$$8b43a094] is not eligible for getting processed by all BeanPostProcessors (for example: not eligible for auto-proxying)
2019-03-04 17:49:46.271  INFO 19748 --- [           main] trationDelegate$BeanPostProcessorChecker : Bean 'com.baomidou.mybatisplus.spring.boot.starter.MybatisPlusAutoConfiguration' of type [com.baomidou.mybatisplus.spring.boot.starter.MybatisPlusAutoConfiguration$$EnhancerBySpringCGLIB$$d8e33ef1] is not eligible for getting processed by all BeanPostProcessors (for example: not eligible for auto-proxying)
2019-03-04 17:49:46.279  INFO 19748 --- [           main] trationDelegate$BeanPostProcessorChecker : Bean 'druidConfiguration' of type [com.nieyue.druid.DruidConfiguration$$EnhancerBySpringCGLIB$$311869fb] is not eligible for getting processed by all BeanPostProcessors (for example: not eligible for auto-proxying)
2019-03-04 17:49:46.287  INFO 19748 --- [           main] trationDelegate$BeanPostProcessorChecker : Bean 'com.nieyue.druid.DruidConfiguration$IDataSourceProperties' of type [com.nieyue.druid.DruidConfiguration$IDataSourceProperties] is not eligible for getting processed by all BeanPostProcessors (for example: not eligible for auto-proxying)
2019-03-04 17:49:46.361  INFO 19748 --- [           main] trationDelegate$BeanPostProcessorChecker : Bean 'dataSource' of type [com.alibaba.druid.pool.DruidDataSource] is not eligible for getting processed by all BeanPostProcessors (for example: not eligible for auto-proxying)
2019-03-04 17:49:46.396  INFO 19748 --- [           main] trationDelegate$BeanPostProcessorChecker : Bean 'spring.datasource-org.springframework.boot.autoconfigure.jdbc.DataSourceProperties' of type [org.springframework.boot.autoconfigure.jdbc.DataSourceProperties] is not eligible for getting processed by all BeanPostProcessors (for example: not eligible for auto-proxying)
2019-03-04 17:49:46.407  INFO 19748 --- [           main] trationDelegate$BeanPostProcessorChecker : Bean 'org.springframework.boot.autoconfigure.jdbc.DataSourceInitializerInvoker' of type [org.springframework.boot.autoconfigure.jdbc.DataSourceInitializerInvoker] is not eligible for getting processed by all BeanPostProcessors (for example: not eligible for auto-proxying)
2019-03-04 17:49:46.834  INFO 19748 --- [           main] com.alibaba.druid.pool.DruidDataSource   : {dataSource-1} inited
2019-03-04 17:49:47.205  INFO 19748 --- [           main] trationDelegate$BeanPostProcessorChecker : Bean 'sqlSessionFactory' of type [org.apache.ibatis.session.defaults.DefaultSqlSessionFactory] is not eligible for getting processed by all BeanPostProcessors (for example: not eligible for auto-proxying)
2019-03-04 17:49:47.212  INFO 19748 --- [           main] trationDelegate$BeanPostProcessorChecker : Bean 'sqlSessionTemplate' of type [org.mybatis.spring.SqlSessionTemplate] is not eligible for getting processed by all BeanPostProcessors (for example: not eligible for auto-proxying)
2019-03-04 17:49:47.275  INFO 19748 --- [           main] trationDelegate$BeanPostProcessorChecker : Bean 'permissionDao' of type [org.mybatis.spring.mapper.MapperFactoryBean] is not eligible for getting processed by all BeanPostProcessors (for example: not eligible for auto-proxying)
2019-03-04 17:49:47.279  INFO 19748 --- [           main] trationDelegate$BeanPostProcessorChecker : Bean 'permissionDao' of type [com.sun.proxy.$Proxy80] is not eligible for getting processed by all BeanPostProcessors (for example: not eligible for auto-proxying)
2019-03-04 17:49:47.388  INFO 19748 --- [           main] trationDelegate$BeanPostProcessorChecker : Bean 'rolePermissionDao' of type [org.mybatis.spring.mapper.MapperFactoryBean] is not eligible for getting processed by all BeanPostProcessors (for example: not eligible for auto-proxying)
2019-03-04 17:49:47.390  INFO 19748 --- [           main] trationDelegate$BeanPostProcessorChecker : Bean 'rolePermissionDao' of type [com.sun.proxy.$Proxy85] is not eligible for getting processed by all BeanPostProcessors (for example: not eligible for auto-proxying)
2019-03-04 17:49:47.391  INFO 19748 --- [           main] trationDelegate$BeanPostProcessorChecker : Bean 'rolePermissionServiceImpl' of type [com.nieyue.service.impl.RolePermissionServiceImpl] is not eligible for getting processed by all BeanPostProcessors (for example: not eligible for auto-proxying)
2019-03-04 17:49:47.421  INFO 19748 --- [           main] trationDelegate$BeanPostProcessorChecker : Bean 'shiroService' of type [com.nieyue.shiro.ShiroService] is not eligible for getting processed by all BeanPostProcessors (for example: not eligible for auto-proxying)
2019-03-04 17:49:47.429  INFO 19748 --- [           main] trationDelegate$BeanPostProcessorChecker : Bean 'shiroUtil' of type [com.nieyue.shiro.ShiroUtil$$EnhancerBySpringCGLIB$$aa93cdcd] is not eligible for getting processed by all BeanPostProcessors (for example: not eligible for auto-proxying)
2019-03-04 17:49:47.430  INFO 19748 --- [           main] trationDelegate$BeanPostProcessorChecker : Bean 'permissionServiceImpl' of type [com.nieyue.service.impl.PermissionServiceImpl] is not eligible for getting processed by all BeanPostProcessors (for example: not eligible for auto-proxying)
2019-03-04 17:49:47.431  INFO 19748 --- [           main] trationDelegate$BeanPostProcessorChecker : Bean 'shiroConfiguration' of type [com.nieyue.shiro.ShiroConfiguration$$EnhancerBySpringCGLIB$$9cc6e25d] is not eligible for getting processed by all BeanPostProcessors (for example: not eligible for auto-proxying)
2019-03-04 17:49:47.624  INFO 19748 --- [           main] trationDelegate$BeanPostProcessorChecker : Bean 'accountDao' of type [org.mybatis.spring.mapper.MapperFactoryBean] is not eligible for getting processed by all BeanPostProcessors (for example: not eligible for auto-proxying)
2019-03-04 17:49:47.627  INFO 19748 --- [           main] trationDelegate$BeanPostProcessorChecker : Bean 'accountDao' of type [com.sun.proxy.$Proxy86] is not eligible for getting processed by all BeanPostProcessors (for example: not eligible for auto-proxying)
2019-03-04 17:49:47.635  INFO 19748 --- [           main] trationDelegate$BeanPostProcessorChecker : Bean 'roleDao' of type [org.mybatis.spring.mapper.MapperFactoryBean] is not eligible for getting processed by all BeanPostProcessors (for example: not eligible for auto-proxying)
2019-03-04 17:49:47.638  INFO 19748 --- [           main] trationDelegate$BeanPostProcessorChecker : Bean 'roleDao' of type [com.sun.proxy.$Proxy87] is not eligible for getting processed by all BeanPostProcessors (for example: not eligible for auto-proxying)
2019-03-04 17:49:47.639  INFO 19748 --- [           main] trationDelegate$BeanPostProcessorChecker : Bean 'roleServiceImpl' of type [com.nieyue.service.impl.RoleServiceImpl] is not eligible for getting processed by all BeanPostProcessors (for example: not eligible for auto-proxying)
2019-03-04 17:49:47.700  INFO 19748 --- [           main] trationDelegate$BeanPostProcessorChecker : Bean 'financeDao' of type [org.mybatis.spring.mapper.MapperFactoryBean] is not eligible for getting processed by all BeanPostProcessors (for example: not eligible for auto-proxying)
2019-03-04 17:49:47.703  INFO 19748 --- [           main] trationDelegate$BeanPostProcessorChecker : Bean 'financeDao' of type [com.sun.proxy.$Proxy88] is not eligible for getting processed by all BeanPostProcessors (for example: not eligible for auto-proxying)
2019-03-04 17:49:47.716  INFO 19748 --- [           main] trationDelegate$BeanPostProcessorChecker : Bean 'financeServiceImpl' of type [com.nieyue.service.impl.FinanceServiceImpl] is not eligible for getting processed by all BeanPostProcessors (for example: not eligible for auto-proxying)
2019-03-04 17:49:47.776  INFO 19748 --- [           main] trationDelegate$BeanPostProcessorChecker : Bean 'numberDao' of type [org.mybatis.spring.mapper.MapperFactoryBean] is not eligible for getting processed by all BeanPostProcessors (for example: not eligible for auto-proxying)
2019-03-04 17:49:47.778  INFO 19748 --- [           main] trationDelegate$BeanPostProcessorChecker : Bean 'numberDao' of type [com.sun.proxy.$Proxy89] is not eligible for getting processed by all BeanPostProcessors (for example: not eligible for auto-proxying)
2019-03-04 17:49:47.779  INFO 19748 --- [           main] trationDelegate$BeanPostProcessorChecker : Bean 'numberServiceImpl' of type [com.nieyue.service.impl.NumberServiceImpl] is not eligible for getting processed by all BeanPostProcessors (for example: not eligible for auto-proxying)
2019-03-04 17:49:47.841  INFO 19748 --- [           main] trationDelegate$BeanPostProcessorChecker : Bean 'configDao' of type [org.mybatis.spring.mapper.MapperFactoryBean] is not eligible for getting processed by all BeanPostProcessors (for example: not eligible for auto-proxying)
2019-03-04 17:49:47.843  INFO 19748 --- [           main] trationDelegate$BeanPostProcessorChecker : Bean 'configDao' of type [com.sun.proxy.$Proxy90] is not eligible for getting processed by all BeanPostProcessors (for example: not eligible for auto-proxying)
2019-03-04 17:49:47.844  INFO 19748 --- [           main] trationDelegate$BeanPostProcessorChecker : Bean 'configServiceImpl' of type [com.nieyue.service.impl.ConfigServiceImpl] is not eligible for getting processed by all BeanPostProcessors (for example: not eligible for auto-proxying)
2019-03-04 17:49:47.851  INFO 19748 --- [           main] trationDelegate$BeanPostProcessorChecker : Bean 'accountServiceImpl' of type [com.nieyue.service.impl.AccountServiceImpl] is not eligible for getting processed by all BeanPostProcessors (for example: not eligible for auto-proxying)
2019-03-04 17:49:47.856  INFO 19748 --- [           main] trationDelegate$BeanPostProcessorChecker : Bean 'org.springframework.boot.autoconfigure.data.redis.RedisAutoConfiguration' of type [org.springframework.boot.autoconfigure.data.redis.RedisAutoConfiguration$$EnhancerBySpringCGLIB$$80dacbd0] is not eligible for getting processed by all BeanPostProcessors (for example: not eligible for auto-proxying)
2019-03-04 17:49:47.874  INFO 19748 --- [           main] trationDelegate$BeanPostProcessorChecker : Bean 'spring.redis-org.springframework.boot.autoconfigure.data.redis.RedisProperties' of type [org.springframework.boot.autoconfigure.data.redis.RedisProperties] is not eligible for getting processed by all BeanPostProcessors (for example: not eligible for auto-proxying)
2019-03-04 17:49:47.878  INFO 19748 --- [           main] trationDelegate$BeanPostProcessorChecker : Bean 'org.springframework.boot.autoconfigure.data.redis.LettuceConnectionConfiguration' of type [org.springframework.boot.autoconfigure.data.redis.LettuceConnectionConfiguration$$EnhancerBySpringCGLIB$$a05d5ede] is not eligible for getting processed by all BeanPostProcessors (for example: not eligible for auto-proxying)
2019-03-04 17:49:48.153  INFO 19748 --- [           main] trationDelegate$BeanPostProcessorChecker : Bean 'lettuceClientResources' of type [io.lettuce.core.resource.DefaultClientResources] is not eligible for getting processed by all BeanPostProcessors (for example: not eligible for auto-proxying)
2019-03-04 17:49:48.317  INFO 19748 --- [           main] trationDelegate$BeanPostProcessorChecker : Bean 'redisConnectionFactory' of type [org.springframework.data.redis.connection.lettuce.LettuceConnectionFactory] is not eligible for getting processed by all BeanPostProcessors (for example: not eligible for auto-proxying)
2019-03-04 17:49:48.342  INFO 19748 --- [           main] trationDelegate$BeanPostProcessorChecker : Bean 'stringRedisTemplate' of type [org.springframework.data.redis.core.StringRedisTemplate] is not eligible for getting processed by all BeanPostProcessors (for example: not eligible for auto-proxying)
2019-03-04 17:49:48.349  INFO 19748 --- [           main] trationDelegate$BeanPostProcessorChecker : Bean 'orderBusiness' of type [com.nieyue.business.OrderBusiness$$EnhancerBySpringCGLIB$$abcf423b] is not eligible for getting processed by all BeanPostProcessors (for example: not eligible for auto-proxying)
2019-03-04 17:49:48.350  INFO 19748 --- [           main] trationDelegate$BeanPostProcessorChecker : Bean 'accountBusiness' of type [com.nieyue.business.AccountBusiness$$EnhancerBySpringCGLIB$$3b5369fa] is not eligible for getting processed by all BeanPostProcessors (for example: not eligible for auto-proxying)
2019-03-04 17:49:48.350  INFO 19748 --- [           main] trationDelegate$BeanPostProcessorChecker : Bean 'accountRealm' of type [com.nieyue.shiro.AccountRealm] is not eligible for getting processed by all BeanPostProcessors (for example: not eligible for auto-proxying)
2019-03-04 17:49:48.358  INFO 19748 --- [           main] trationDelegate$BeanPostProcessorChecker : Bean 'redisManager' of type [org.crazycake.shiro.RedisManager] is not eligible for getting processed by all BeanPostProcessors (for example: not eligible for auto-proxying)
2019-03-04 17:49:48.360  INFO 19748 --- [           main] trationDelegate$BeanPostProcessorChecker : Bean 'redisSessionDAO' of type [org.crazycake.shiro.RedisSessionDAO] is not eligible for getting processed by all BeanPostProcessors (for example: not eligible for auto-proxying)
2019-03-04 17:49:48.363  INFO 19748 --- [           main] trationDelegate$BeanPostProcessorChecker : Bean 'simpleCookie1' of type [org.apache.shiro.web.servlet.SimpleCookie] is not eligible for getting processed by all BeanPostProcessors (for example: not eligible for auto-proxying)
2019-03-04 17:49:48.364  INFO 19748 --- [           main] trationDelegate$BeanPostProcessorChecker : Bean 'sessionManager' of type [org.apache.shiro.web.session.mgt.DefaultWebSessionManager] is not eligible for getting processed by all BeanPostProcessors (for example: not eligible for auto-proxying)
2019-03-04 17:49:48.369  INFO 19748 --- [           main] trationDelegate$BeanPostProcessorChecker : Bean 'cacheManager' of type [org.crazycake.shiro.RedisCacheManager] is not eligible for getting processed by all BeanPostProcessors (for example: not eligible for auto-proxying)
2019-03-04 17:49:48.372  INFO 19748 --- [           main] trationDelegate$BeanPostProcessorChecker : Bean 'simpleCookie2' of type [org.apache.shiro.web.servlet.SimpleCookie] is not eligible for getting processed by all BeanPostProcessors (for example: not eligible for auto-proxying)
2019-03-04 17:49:48.374  INFO 19748 --- [           main] trationDelegate$BeanPostProcessorChecker : Bean 'rememberMeManager' of type [org.apache.shiro.web.mgt.CookieRememberMeManager] is not eligible for getting processed by all BeanPostProcessors (for example: not eligible for auto-proxying)
2019-03-04 17:49:48.376  INFO 19748 --- [           main] trationDelegate$BeanPostProcessorChecker : Bean 'securityManager' of type [org.apache.shiro.web.mgt.DefaultWebSecurityManager] is not eligible for getting processed by all BeanPostProcessors (for example: not eligible for auto-proxying)
2019-03-04 17:49:49.119  INFO 19748 --- [           main] o.s.b.w.embedded.tomcat.TomcatWebServer  : Tomcat initialized with port(s): 8080 (http)
2019-03-04 17:49:49.170  INFO 19748 --- [           main] o.apache.catalina.core.StandardService   : Starting service [Tomcat]
2019-03-04 17:49:49.170  INFO 19748 --- [           main] org.apache.catalina.core.StandardEngine  : Starting Servlet engine: [Apache Tomcat/9.0.16]
2019-03-04 17:49:49.189  INFO 19748 --- [           main] o.a.catalina.core.AprLifecycleListener   : The APR based Apache Tomcat Native library which allows optimal performance in production environments was not found on the java.library.path: [/usr/java/packages/lib/amd64:/usr/lib64:/lib64:/lib:/usr/lib]
2019-03-04 17:49:49.320  INFO 19748 --- [           main] o.a.c.c.C.[Tomcat].[localhost].[/]       : Initializing Spring embedded WebApplicationContext
2019-03-04 17:49:49.320 DEBUG 19748 --- [           main] o.s.web.context.ContextLoader            : Published root WebApplicationContext as ServletContext attribute with name [org.springframework.web.context.WebApplicationContext.ROOT]
2019-03-04 17:49:49.320  INFO 19748 --- [           main] o.s.web.context.ContextLoader            : Root WebApplicationContext: initialization completed in 6206 ms
2019-03-04 17:49:49.351  INFO 19748 --- [           main] com.nieyue.druid.DruidConfiguration      : init Druid Servlet Configuration 
2019-03-04 17:49:51.321 DEBUG 19748 --- [           main] s.w.s.m.m.a.RequestMappingHandlerMapping : 122 mappings in 'requestMappingHandlerMapping'
2019-03-04 17:49:51.399  INFO 19748 --- [           main] o.s.b.a.e.web.EndpointLinksResolver      : Exposing 2 endpoint(s) beneath base path '/actuator'
2019-03-04 17:49:51.494 DEBUG 19748 --- [           main] o.s.w.s.handler.SimpleUrlHandlerMapping  : Patterns [/**] in 'resourceHandlerMapping'
2019-03-04 17:49:51.624 DEBUG 19748 --- [           main] s.w.s.m.m.a.RequestMappingHandlerAdapter : ControllerAdvice beans: 0 @ModelAttribute, 0 @InitBinder, 1 RequestBodyAdvice, 1 ResponseBodyAdvice
2019-03-04 17:49:51.689 DEBUG 19748 --- [           main] .m.m.a.ExceptionHandlerExceptionResolver : ControllerAdvice beans: 1 @ExceptionHandler, 1 ResponseBodyAdvice
2019-03-04 17:49:52.336  INFO 19748 --- [           main] org.quartz.impl.StdSchedulerFactory      : Using default implementation for ThreadExecutor
2019-03-04 17:49:52.355  INFO 19748 --- [           main] org.quartz.core.SchedulerSignalerImpl    : Initialized Scheduler Signaller of type: class org.quartz.core.SchedulerSignalerImpl
2019-03-04 17:49:52.357  INFO 19748 --- [           main] org.quartz.core.QuartzScheduler          : Quartz Scheduler v.2.2.1 created.
2019-03-04 17:49:52.358  INFO 19748 --- [           main] org.quartz.simpl.RAMJobStore             : RAMJobStore initialized.
2019-03-04 17:49:52.359  INFO 19748 --- [           main] org.quartz.core.QuartzScheduler          : Scheduler meta-data: Quartz Scheduler (v2.2.1) 'quartzScheduler' with instanceId 'NON_CLUSTERED'
  Scheduler class: 'org.quartz.core.QuartzScheduler' - running locally.
  NOT STARTED.
  Currently in standby mode.
  Number of jobs executed: 0
  Using thread pool 'org.quartz.simpl.SimpleThreadPool' - with 10 threads.
  Using job-store 'org.quartz.simpl.RAMJobStore' - which does not support persistence. and is not clustered.

2019-03-04 17:49:52.359  INFO 19748 --- [           main] org.quartz.impl.StdSchedulerFactory      : Quartz scheduler 'quartzScheduler' initialized from an externally provided properties instance.
2019-03-04 17:49:52.359  INFO 19748 --- [           main] org.quartz.impl.StdSchedulerFactory      : Quartz scheduler version: 2.2.1
2019-03-04 17:49:52.359  INFO 19748 --- [           main] org.quartz.core.QuartzScheduler          : JobFactory set to: org.springframework.scheduling.quartz.SpringBeanJobFactory@6ab72419
2019-03-04 17:49:52.382  INFO 19748 --- [           main] o.s.s.c.ThreadPoolTaskScheduler          : Initializing ExecutorService 'taskScheduler'
2019-03-04 17:49:52.544  INFO 19748 --- [           main] d.s.w.p.DocumentationPluginsBootstrapper : Context refreshed
2019-03-04 17:49:52.568  INFO 19748 --- [           main] d.s.w.p.DocumentationPluginsBootstrapper : Found 1 custom documentation plugin(s)
2019-03-04 17:49:52.593  INFO 19748 --- [           main] s.d.s.w.s.ApiListingReferenceScanner     : Scanning for api listing references
2019-03-04 17:49:53.629  INFO 19748 --- [           main] .d.s.w.r.o.CachingOperationNameGenerator : Generating unique operation named: countUsingGET_1
2019-03-04 17:49:53.633  INFO 19748 --- [           main] .d.s.w.r.o.CachingOperationNameGenerator : Generating unique operation named: countUsingPOST_1
2019-03-04 17:49:53.681  INFO 19748 --- [           main] .d.s.w.r.o.CachingOperationNameGenerator : Generating unique operation named: addUsingGET_1
2019-03-04 17:49:53.687  INFO 19748 --- [           main] .d.s.w.r.o.CachingOperationNameGenerator : Generating unique operation named: addUsingPOST_1
2019-03-04 17:49:53.706  INFO 19748 --- [           main] .d.s.w.r.o.CachingOperationNameGenerator : Generating unique operation named: countUsingGET_2
2019-03-04 17:49:53.711  INFO 19748 --- [           main] .d.s.w.r.o.CachingOperationNameGenerator : Generating unique operation named: countUsingPOST_2
2019-03-04 17:49:53.719  INFO 19748 --- [           main] .d.s.w.r.o.CachingOperationNameGenerator : Generating unique operation named: deleteUsingGET_1
2019-03-04 17:49:53.724  INFO 19748 --- [           main] .d.s.w.r.o.CachingOperationNameGenerator : Generating unique operation named: deleteUsingPOST_1
2019-03-04 17:49:53.732  INFO 19748 --- [           main] .d.s.w.r.o.CachingOperationNameGenerator : Generating unique operation named: listUsingGET_1
2019-03-04 17:49:53.738  INFO 19748 --- [           main] .d.s.w.r.o.CachingOperationNameGenerator : Generating unique operation named: listUsingPOST_1
2019-03-04 17:49:53.770  INFO 19748 --- [           main] .d.s.w.r.o.CachingOperationNameGenerator : Generating unique operation named: updateUsingGET_1
2019-03-04 17:49:53.775  INFO 19748 --- [           main] .d.s.w.r.o.CachingOperationNameGenerator : Generating unique operation named: updateUsingPOST_1
2019-03-04 17:49:53.786  INFO 19748 --- [           main] .d.s.w.r.o.CachingOperationNameGenerator : Generating unique operation named: addUsingGET_2
2019-03-04 17:49:53.791  INFO 19748 --- [           main] .d.s.w.r.o.CachingOperationNameGenerator : Generating unique operation named: addUsingPOST_2
2019-03-04 17:49:53.797  INFO 19748 --- [           main] .d.s.w.r.o.CachingOperationNameGenerator : Generating unique operation named: countUsingGET_3
2019-03-04 17:49:53.802  INFO 19748 --- [           main] .d.s.w.r.o.CachingOperationNameGenerator : Generating unique operation named: countUsingPOST_3
2019-03-04 17:49:53.809  INFO 19748 --- [           main] .d.s.w.r.o.CachingOperationNameGenerator : Generating unique operation named: deleteUsingGET_2
2019-03-04 17:49:53.813  INFO 19748 --- [           main] .d.s.w.r.o.CachingOperationNameGenerator : Generating unique operation named: deleteUsingPOST_2
2019-03-04 17:49:53.821  INFO 19748 --- [           main] .d.s.w.r.o.CachingOperationNameGenerator : Generating unique operation named: listUsingGET_2
2019-03-04 17:49:53.825  INFO 19748 --- [           main] .d.s.w.r.o.CachingOperationNameGenerator : Generating unique operation named: listUsingPOST_2
2019-03-04 17:49:53.857  INFO 19748 --- [           main] .d.s.w.r.o.CachingOperationNameGenerator : Generating unique operation named: updateUsingGET_2
2019-03-04 17:49:53.861  INFO 19748 --- [           main] .d.s.w.r.o.CachingOperationNameGenerator : Generating unique operation named: updateUsingPOST_2
2019-03-04 17:49:53.881  INFO 19748 --- [           main] .d.s.w.r.o.CachingOperationNameGenerator : Generating unique operation named: addUsingGET_3
2019-03-04 17:49:53.886  INFO 19748 --- [           main] .d.s.w.r.o.CachingOperationNameGenerator : Generating unique operation named: addUsingPOST_3
2019-03-04 17:49:53.891  INFO 19748 --- [           main] .d.s.w.r.o.CachingOperationNameGenerator : Generating unique operation named: countUsingGET_4
2019-03-04 17:49:53.895  INFO 19748 --- [           main] .d.s.w.r.o.CachingOperationNameGenerator : Generating unique operation named: countUsingPOST_4
2019-03-04 17:49:53.900  INFO 19748 --- [           main] .d.s.w.r.o.CachingOperationNameGenerator : Generating unique operation named: deleteUsingGET_3
2019-03-04 17:49:53.904  INFO 19748 --- [           main] .d.s.w.r.o.CachingOperationNameGenerator : Generating unique operation named: deleteUsingPOST_3
2019-03-04 17:49:53.910  INFO 19748 --- [           main] .d.s.w.r.o.CachingOperationNameGenerator : Generating unique operation named: listUsingGET_3
2019-03-04 17:49:53.914  INFO 19748 --- [           main] .d.s.w.r.o.CachingOperationNameGenerator : Generating unique operation named: listUsingPOST_3
2019-03-04 17:49:53.929  INFO 19748 --- [           main] .d.s.w.r.o.CachingOperationNameGenerator : Generating unique operation named: updateUsingGET_3
2019-03-04 17:49:53.933  INFO 19748 --- [           main] .d.s.w.r.o.CachingOperationNameGenerator : Generating unique operation named: updateUsingPOST_3
2019-03-04 17:49:53.962  INFO 19748 --- [           main] .d.s.w.r.o.CachingOperationNameGenerator : Generating unique operation named: addUsingGET_4
2019-03-04 17:49:53.965  INFO 19748 --- [           main] .d.s.w.r.o.CachingOperationNameGenerator : Generating unique operation named: addUsingPOST_4
2019-03-04 17:49:53.971  INFO 19748 --- [           main] .d.s.w.r.o.CachingOperationNameGenerator : Generating unique operation named: countUsingGET_5
2019-03-04 17:49:53.974  INFO 19748 --- [           main] .d.s.w.r.o.CachingOperationNameGenerator : Generating unique operation named: countUsingPOST_5
2019-03-04 17:49:53.979  INFO 19748 --- [           main] .d.s.w.r.o.CachingOperationNameGenerator : Generating unique operation named: deleteUsingGET_4
2019-03-04 17:49:53.983  INFO 19748 --- [           main] .d.s.w.r.o.CachingOperationNameGenerator : Generating unique operation named: deleteUsingPOST_4
2019-03-04 17:49:53.989  INFO 19748 --- [           main] .d.s.w.r.o.CachingOperationNameGenerator : Generating unique operation named: listUsingGET_4
2019-03-04 17:49:53.993  INFO 19748 --- [           main] .d.s.w.r.o.CachingOperationNameGenerator : Generating unique operation named: listUsingPOST_4
2019-03-04 17:49:54.007  INFO 19748 --- [           main] .d.s.w.r.o.CachingOperationNameGenerator : Generating unique operation named: updateUsingGET_4
2019-03-04 17:49:54.011  INFO 19748 --- [           main] .d.s.w.r.o.CachingOperationNameGenerator : Generating unique operation named: updateUsingPOST_4
2019-03-04 17:49:54.019  INFO 19748 --- [           main] .d.s.w.r.o.CachingOperationNameGenerator : Generating unique operation named: addUsingGET_5
2019-03-04 17:49:54.023  INFO 19748 --- [           main] .d.s.w.r.o.CachingOperationNameGenerator : Generating unique operation named: addUsingPOST_5
2019-03-04 17:49:54.028  INFO 19748 --- [           main] .d.s.w.r.o.CachingOperationNameGenerator : Generating unique operation named: countUsingGET_6
2019-03-04 17:49:54.032  INFO 19748 --- [           main] .d.s.w.r.o.CachingOperationNameGenerator : Generating unique operation named: countUsingPOST_6
2019-03-04 17:49:54.037  INFO 19748 --- [           main] .d.s.w.r.o.CachingOperationNameGenerator : Generating unique operation named: deleteUsingGET_5
2019-03-04 17:49:54.040  INFO 19748 --- [           main] .d.s.w.r.o.CachingOperationNameGenerator : Generating unique operation named: deleteUsingPOST_5
2019-03-04 17:49:54.047  INFO 19748 --- [           main] .d.s.w.r.o.CachingOperationNameGenerator : Generating unique operation named: listUsingGET_5
2019-03-04 17:49:54.051  INFO 19748 --- [           main] .d.s.w.r.o.CachingOperationNameGenerator : Generating unique operation named: listUsingPOST_5
2019-03-04 17:49:54.066  INFO 19748 --- [           main] .d.s.w.r.o.CachingOperationNameGenerator : Generating unique operation named: updateUsingGET_5
2019-03-04 17:49:54.069  INFO 19748 --- [           main] .d.s.w.r.o.CachingOperationNameGenerator : Generating unique operation named: updateUsingPOST_5
2019-03-04 17:49:54.124  INFO 19748 --- [           main] .d.s.w.r.o.CachingOperationNameGenerator : Generating unique operation named: countAllUsingGET_1
2019-03-04 17:49:54.129  INFO 19748 --- [           main] .d.s.w.r.o.CachingOperationNameGenerator : Generating unique operation named: countAllUsingPOST_1
2019-03-04 17:49:54.232  INFO 19748 --- [           main] .d.s.w.r.o.CachingOperationNameGenerator : Generating unique operation named: countUsingGET_7
2019-03-04 17:49:54.235  INFO 19748 --- [           main] .d.s.w.r.o.CachingOperationNameGenerator : Generating unique operation named: countUsingPOST_7
2019-03-04 17:49:54.282  INFO 19748 --- [           main] .d.s.w.r.o.CachingOperationNameGenerator : Generating unique operation named: addUsingGET_6
2019-03-04 17:49:54.286  INFO 19748 --- [           main] .d.s.w.r.o.CachingOperationNameGenerator : Generating unique operation named: addUsingPOST_6
2019-03-04 17:49:54.291  INFO 19748 --- [           main] .d.s.w.r.o.CachingOperationNameGenerator : Generating unique operation named: countUsingGET_8
2019-03-04 17:49:54.295  INFO 19748 --- [           main] .d.s.w.r.o.CachingOperationNameGenerator : Generating unique operation named: countUsingPOST_8
2019-03-04 17:49:54.300  INFO 19748 --- [           main] .d.s.w.r.o.CachingOperationNameGenerator : Generating unique operation named: deleteUsingGET_6
2019-03-04 17:49:54.304  INFO 19748 --- [           main] .d.s.w.r.o.CachingOperationNameGenerator : Generating unique operation named: deleteUsingPOST_6
2019-03-04 17:49:54.310  INFO 19748 --- [           main] .d.s.w.r.o.CachingOperationNameGenerator : Generating unique operation named: listUsingGET_6
2019-03-04 17:49:54.314  INFO 19748 --- [           main] .d.s.w.r.o.CachingOperationNameGenerator : Generating unique operation named: listUsingPOST_6
2019-03-04 17:49:54.327  INFO 19748 --- [           main] .d.s.w.r.o.CachingOperationNameGenerator : Generating unique operation named: updateUsingGET_6
2019-03-04 17:49:54.331  INFO 19748 --- [           main] .d.s.w.r.o.CachingOperationNameGenerator : Generating unique operation named: updateUsingPOST_6
2019-03-04 17:49:54.342  INFO 19748 --- [           main] .d.s.w.r.o.CachingOperationNameGenerator : Generating unique operation named: addUsingGET_7
2019-03-04 17:49:54.346  INFO 19748 --- [           main] .d.s.w.r.o.CachingOperationNameGenerator : Generating unique operation named: addUsingPOST_7
2019-03-04 17:49:54.351  INFO 19748 --- [           main] .d.s.w.r.o.CachingOperationNameGenerator : Generating unique operation named: countUsingGET_9
2019-03-04 17:49:54.355  INFO 19748 --- [           main] .d.s.w.r.o.CachingOperationNameGenerator : Generating unique operation named: countUsingPOST_9
2019-03-04 17:49:54.360  INFO 19748 --- [           main] .d.s.w.r.o.CachingOperationNameGenerator : Generating unique operation named: deleteUsingGET_7
2019-03-04 17:49:54.363  INFO 19748 --- [           main] .d.s.w.r.o.CachingOperationNameGenerator : Generating unique operation named: deleteUsingPOST_7
2019-03-04 17:49:54.369  INFO 19748 --- [           main] .d.s.w.r.o.CachingOperationNameGenerator : Generating unique operation named: listUsingGET_7
2019-03-04 17:49:54.373  INFO 19748 --- [           main] .d.s.w.r.o.CachingOperationNameGenerator : Generating unique operation named: listUsingPOST_7
2019-03-04 17:49:54.386  INFO 19748 --- [           main] .d.s.w.r.o.CachingOperationNameGenerator : Generating unique operation named: updateUsingGET_7
2019-03-04 17:49:54.390  INFO 19748 --- [           main] .d.s.w.r.o.CachingOperationNameGenerator : Generating unique operation named: updateUsingPOST_7
2019-03-04 17:49:54.402  INFO 19748 --- [           main] .d.s.w.r.o.CachingOperationNameGenerator : Generating unique operation named: addUsingGET_8
2019-03-04 17:49:54.407  INFO 19748 --- [           main] .d.s.w.r.o.CachingOperationNameGenerator : Generating unique operation named: addUsingPOST_8
2019-03-04 17:49:54.416  INFO 19748 --- [           main] .d.s.w.r.o.CachingOperationNameGenerator : Generating unique operation named: countUsingGET_10
2019-03-04 17:49:54.421  INFO 19748 --- [           main] .d.s.w.r.o.CachingOperationNameGenerator : Generating unique operation named: countUsingPOST_10
2019-03-04 17:49:54.427  INFO 19748 --- [           main] .d.s.w.r.o.CachingOperationNameGenerator : Generating unique operation named: deleteUsingGET_8
2019-03-04 17:49:54.430  INFO 19748 --- [           main] .d.s.w.r.o.CachingOperationNameGenerator : Generating unique operation named: deleteUsingPOST_8
2019-03-04 17:49:54.435  INFO 19748 --- [           main] .d.s.w.r.o.CachingOperationNameGenerator : Generating unique operation named: listUsingGET_8
2019-03-04 17:49:54.438  INFO 19748 --- [           main] .d.s.w.r.o.CachingOperationNameGenerator : Generating unique operation named: listUsingPOST_8
2019-03-04 17:49:54.449  INFO 19748 --- [           main] .d.s.w.r.o.CachingOperationNameGenerator : Generating unique operation named: updateUsingGET_8
2019-03-04 17:49:54.452  INFO 19748 --- [           main] .d.s.w.r.o.CachingOperationNameGenerator : Generating unique operation named: updateUsingPOST_8
2019-03-04 17:49:54.459  INFO 19748 --- [           main] .d.s.w.r.o.CachingOperationNameGenerator : Generating unique operation named: addUsingGET_9
2019-03-04 17:49:54.461  INFO 19748 --- [           main] .d.s.w.r.o.CachingOperationNameGenerator : Generating unique operation named: addUsingPOST_9
2019-03-04 17:49:54.465  INFO 19748 --- [           main] .d.s.w.r.o.CachingOperationNameGenerator : Generating unique operation named: countUsingGET_11
2019-03-04 17:49:54.468  INFO 19748 --- [           main] .d.s.w.r.o.CachingOperationNameGenerator : Generating unique operation named: countUsingPOST_11
2019-03-04 17:49:54.472  INFO 19748 --- [           main] .d.s.w.r.o.CachingOperationNameGenerator : Generating unique operation named: deleteUsingGET_9
2019-03-04 17:49:54.474  INFO 19748 --- [           main] .d.s.w.r.o.CachingOperationNameGenerator : Generating unique operation named: deleteUsingPOST_9
2019-03-04 17:49:54.479  INFO 19748 --- [           main] .d.s.w.r.o.CachingOperationNameGenerator : Generating unique operation named: listUsingGET_9
2019-03-04 17:49:54.482  INFO 19748 --- [           main] .d.s.w.r.o.CachingOperationNameGenerator : Generating unique operation named: listUsingPOST_9
2019-03-04 17:49:54.492  INFO 19748 --- [           main] .d.s.w.r.o.CachingOperationNameGenerator : Generating unique operation named: updateUsingGET_9
2019-03-04 17:49:54.495  INFO 19748 --- [           main] .d.s.w.r.o.CachingOperationNameGenerator : Generating unique operation named: updateUsingPOST_9
2019-03-04 17:49:54.523  INFO 19748 --- [           main] .d.s.w.r.o.CachingOperationNameGenerator : Generating unique operation named: countAllUsingGET_2
2019-03-04 17:49:54.526  INFO 19748 --- [           main] .d.s.w.r.o.CachingOperationNameGenerator : Generating unique operation named: countAllUsingPOST_2
2019-03-04 17:49:54.597  INFO 19748 --- [           main] o.s.s.quartz.SchedulerFactoryBean        : Starting Quartz Scheduler now
2019-03-04 17:49:54.598  INFO 19748 --- [           main] org.quartz.core.QuartzScheduler          : Scheduler quartzScheduler_$_NON_CLUSTERED started.
2019-03-04 17:49:54.657  INFO 19748 --- [           main] o.s.b.w.embedded.tomcat.TomcatWebServer  : Tomcat started on port(s): 8080 (http) with context path ''
2019-03-04 17:49:54.660  INFO 19748 --- [           main] com.nieyue.Application                   : Started Application in 12.302 seconds (JVM running for 12.986)
2019-03-04 17:49:55.157  INFO 19748 --- [nio-8080-exec-1] o.a.c.c.C.[Tomcat].[localhost].[/]       : Initializing Spring DispatcherServlet 'dispatcherServlet'
2019-03-04 17:49:55.158  INFO 19748 --- [nio-8080-exec-1] o.s.web.servlet.DispatcherServlet        : Initializing Servlet 'dispatcherServlet'
2019-03-04 17:49:55.158 DEBUG 19748 --- [nio-8080-exec-1] o.s.web.servlet.DispatcherServlet        : Detected StandardServletMultipartResolver
2019-03-04 17:49:55.171 DEBUG 19748 --- [nio-8080-exec-1] o.s.web.servlet.DispatcherServlet        : enableLoggingRequestDetails='false': request parameters and headers will be masked to prevent unsafe logging of potentially sensitive data
2019-03-04 17:49:55.171  INFO 19748 --- [nio-8080-exec-1] o.s.web.servlet.DispatcherServlet        : Completed initialization in 13 ms
2019-03-04 17:49:55.200  INFO 19748 --- [nio-8080-exec-1] a.s.s.m.AbstractValidatingSessionManager : Enabling session validation scheduler...
2019-03-04 17:49:55.217 DEBUG 19748 --- [nio-8080-exec-1] o.s.web.servlet.DispatcherServlet        : GET "/v2/api-docs", parameters={}
2019-03-04 17:49:55.227 DEBUG 19748 --- [nio-8080-exec-1] s.w.s.m.m.a.RequestMappingHandlerMapping : Mapped to public org.springframework.http.ResponseEntity<springfox.documentation.spring.web.json.Json> springfox.documentation.swagger2.web.Swagger2Controller.getDocumentation(java.lang.String,javax.servlet.http.HttpServletRequest)
2019-03-04 17:49:55.492 DEBUG 19748 --- [nio-8080-exec-1] o.s.w.s.m.m.a.HttpEntityMethodProcessor  : Using 'application/json', given [*/*] and supported [application/json, application/hal+json]
2019-03-04 17:49:55.495 DEBUG 19748 --- [nio-8080-exec-1] o.s.w.s.m.m.a.HttpEntityMethodProcessor  : Writing [springfox.documentation.spring.web.json.Json@2cfe9077]
2019-03-04 17:49:55.513 DEBUG 19748 --- [nio-8080-exec-1] o.s.web.servlet.DispatcherServlet        : Completed 200 OK
2019-03-04 17:50:35.081 ERROR 19748 --- [nio-8080-exec-2] redis.clients.jedis.HostAndPort          : cant resolve localhost address

java.net.UnknownHostException: mocarlmo5: mocarlmo5: Name or service not known
	at java.net.InetAddress.getLocalHost(InetAddress.java:1506) ~[na:1.8.0_191]
	at redis.clients.jedis.HostAndPort.getLocalHostQuietly(HostAndPort.java:105) [jedis-2.9.1.jar!/:na]
	at redis.clients.jedis.HostAndPort.<clinit>(HostAndPort.java:12) [jedis-2.9.1.jar!/:na]
	at redis.clients.jedis.JedisFactory.<init>(JedisFactory.java:37) [jedis-2.9.1.jar!/:na]
	at redis.clients.jedis.JedisPool.<init>(JedisPool.java:185) [jedis-2.9.1.jar!/:na]
	at redis.clients.jedis.JedisPool.<init>(JedisPool.java:162) [jedis-2.9.1.jar!/:na]
	at redis.clients.jedis.JedisPool.<init>(JedisPool.java:144) [jedis-2.9.1.jar!/:na]
	at org.crazycake.shiro.RedisManager.init(RedisManager.java:32) [shiro-redis-2.8.24.jar!/:na]
	at org.crazycake.shiro.RedisManager.getJedis(RedisManager.java:41) [shiro-redis-2.8.24.jar!/:na]
	at org.crazycake.shiro.BaseRedisManager.get(BaseRedisManager.java:62) [shiro-redis-2.8.24.jar!/:na]
	at org.crazycake.shiro.RedisSessionDAO.doReadSession(RedisSessionDAO.java:133) [shiro-redis-2.8.24.jar!/:na]
	at org.apache.shiro.session.mgt.eis.AbstractSessionDAO.readSession(AbstractSessionDAO.java:168) [shiro-core-1.4.0.jar!/:1.4.0]
	at org.apache.shiro.session.mgt.DefaultSessionManager.retrieveSessionFromDataSource(DefaultSessionManager.java:236) [shiro-core-1.4.0.jar!/:1.4.0]
	at org.apache.shiro.session.mgt.DefaultSessionManager.retrieveSession(DefaultSessionManager.java:222) [shiro-core-1.4.0.jar!/:1.4.0]
	at org.apache.shiro.session.mgt.AbstractValidatingSessionManager.doGetSession(AbstractValidatingSessionManager.java:118) [shiro-core-1.4.0.jar!/:1.4.0]
	at org.apache.shiro.session.mgt.AbstractNativeSessionManager.lookupSession(AbstractNativeSessionManager.java:148) [shiro-core-1.4.0.jar!/:1.4.0]
	at org.apache.shiro.session.mgt.AbstractNativeSessionManager.getSession(AbstractNativeSessionManager.java:140) [shiro-core-1.4.0.jar!/:1.4.0]
	at org.apache.shiro.mgt.SessionsSecurityManager.getSession(SessionsSecurityManager.java:156) [shiro-core-1.4.0.jar!/:1.4.0]
	at org.apache.shiro.mgt.DefaultSecurityManager.resolveContextSession(DefaultSecurityManager.java:460) [shiro-core-1.4.0.jar!/:1.4.0]
	at org.apache.shiro.mgt.DefaultSecurityManager.resolveSession(DefaultSecurityManager.java:446) [shiro-core-1.4.0.jar!/:1.4.0]
	at org.apache.shiro.mgt.DefaultSecurityManager.createSubject(DefaultSecurityManager.java:342) [shiro-core-1.4.0.jar!/:1.4.0]
	at org.apache.shiro.subject.Subject$Builder.buildSubject(Subject.java:845) [shiro-core-1.4.0.jar!/:1.4.0]
	at org.apache.shiro.web.subject.WebSubject$Builder.buildWebSubject(WebSubject.java:148) [shiro-web-1.4.0.jar!/:1.4.0]
	at org.apache.shiro.web.servlet.AbstractShiroFilter.createSubject(AbstractShiroFilter.java:292) [shiro-web-1.4.0.jar!/:1.4.0]
	at org.apache.shiro.web.servlet.AbstractShiroFilter.doFilterInternal(AbstractShiroFilter.java:359) [shiro-web-1.4.0.jar!/:1.4.0]
	at org.apache.shiro.web.servlet.OncePerRequestFilter.doFilter(OncePerRequestFilter.java:125) [shiro-web-1.4.0.jar!/:1.4.0]
	at org.apache.catalina.core.ApplicationFilterChain.internalDoFilter(ApplicationFilterChain.java:193) [tomcat-embed-core-9.0.16.jar!/:9.0.16]
	at org.apache.catalina.core.ApplicationFilterChain.doFilter(ApplicationFilterChain.java:166) [tomcat-embed-core-9.0.16.jar!/:9.0.16]
	at com.nieyue.filter.CORSFilter.doFilter(CORSFilter.java:26) [classes/:na]
	at org.apache.catalina.core.ApplicationFilterChain.internalDoFilter(ApplicationFilterChain.java:193) [tomcat-embed-core-9.0.16.jar!/:9.0.16]
	at org.apache.catalina.core.ApplicationFilterChain.doFilter(ApplicationFilterChain.java:166) [tomcat-embed-core-9.0.16.jar!/:9.0.16]
	at com.alibaba.druid.support.http.WebStatFilter.doFilter(WebStatFilter.java:123) [druid-1.1.10.jar!/:1.1.10]
	at org.apache.catalina.core.ApplicationFilterChain.internalDoFilter(ApplicationFilterChain.java:193) [tomcat-embed-core-9.0.16.jar!/:9.0.16]
	at org.apache.catalina.core.ApplicationFilterChain.doFilter(ApplicationFilterChain.java:166) [tomcat-embed-core-9.0.16.jar!/:9.0.16]
	at org.springframework.boot.actuate.web.trace.servlet.HttpTraceFilter.doFilterInternal(HttpTraceFilter.java:90) [spring-boot-actuator-2.1.3.RELEASE.jar!/:2.1.3.RELEASE]
	at org.springframework.web.filter.OncePerRequestFilter.doFilter(OncePerRequestFilter.java:107) [spring-web-5.1.5.RELEASE.jar!/:5.1.5.RELEASE]
	at org.apache.catalina.core.ApplicationFilterChain.internalDoFilter(ApplicationFilterChain.java:193) [tomcat-embed-core-9.0.16.jar!/:9.0.16]
	at org.apache.catalina.core.ApplicationFilterChain.doFilter(ApplicationFilterChain.java:166) [tomcat-embed-core-9.0.16.jar!/:9.0.16]
	at org.springframework.boot.actuate.metrics.web.servlet.WebMvcMetricsFilter.filterAndRecordMetrics(WebMvcMetricsFilter.java:117) [spring-boot-actuator-2.1.3.RELEASE.jar!/:2.1.3.RELEASE]
	at org.springframework.boot.actuate.metrics.web.servlet.WebMvcMetricsFilter.doFilterInternal(WebMvcMetricsFilter.java:106) [spring-boot-actuator-2.1.3.RELEASE.jar!/:2.1.3.RELEASE]
	at org.springframework.web.filter.OncePerRequestFilter.doFilter(OncePerRequestFilter.java:107) [spring-web-5.1.5.RELEASE.jar!/:5.1.5.RELEASE]
	at org.apache.catalina.core.ApplicationFilterChain.internalDoFilter(ApplicationFilterChain.java:193) [tomcat-embed-core-9.0.16.jar!/:9.0.16]
	at org.apache.catalina.core.ApplicationFilterChain.doFilter(ApplicationFilterChain.java:166) [tomcat-embed-core-9.0.16.jar!/:9.0.16]
	at org.springframework.web.filter.CharacterEncodingFilter.doFilterInternal(CharacterEncodingFilter.java:200) [spring-web-5.1.5.RELEASE.jar!/:5.1.5.RELEASE]
	at org.springframework.web.filter.OncePerRequestFilter.doFilter(OncePerRequestFilter.java:107) [spring-web-5.1.5.RELEASE.jar!/:5.1.5.RELEASE]
	at org.apache.catalina.core.ApplicationFilterChain.internalDoFilter(ApplicationFilterChain.java:193) [tomcat-embed-core-9.0.16.jar!/:9.0.16]
	at org.apache.catalina.core.ApplicationFilterChain.doFilter(ApplicationFilterChain.java:166) [tomcat-embed-core-9.0.16.jar!/:9.0.16]
	at org.apache.catalina.core.StandardWrapperValve.invoke(StandardWrapperValve.java:200) [tomcat-embed-core-9.0.16.jar!/:9.0.16]
	at org.apache.catalina.core.StandardContextValve.invoke(StandardContextValve.java:96) [tomcat-embed-core-9.0.16.jar!/:9.0.16]
	at org.apache.catalina.authenticator.AuthenticatorBase.invoke(AuthenticatorBase.java:490) [tomcat-embed-core-9.0.16.jar!/:9.0.16]
	at org.apache.catalina.core.StandardHostValve.invoke(StandardHostValve.java:139) [tomcat-embed-core-9.0.16.jar!/:9.0.16]
	at org.apache.catalina.valves.ErrorReportValve.invoke(ErrorReportValve.java:92) [tomcat-embed-core-9.0.16.jar!/:9.0.16]
	at org.apache.catalina.core.StandardEngineValve.invoke(StandardEngineValve.java:74) [tomcat-embed-core-9.0.16.jar!/:9.0.16]
	at org.apache.catalina.connector.CoyoteAdapter.service(CoyoteAdapter.java:343) [tomcat-embed-core-9.0.16.jar!/:9.0.16]
	at org.apache.coyote.http11.Http11Processor.service(Http11Processor.java:408) [tomcat-embed-core-9.0.16.jar!/:9.0.16]
	at org.apache.coyote.AbstractProcessorLight.process(AbstractProcessorLight.java:66) [tomcat-embed-core-9.0.16.jar!/:9.0.16]
	at org.apache.coyote.AbstractProtocol$ConnectionHandler.process(AbstractProtocol.java:834) [tomcat-embed-core-9.0.16.jar!/:9.0.16]
	at org.apache.tomcat.util.net.NioEndpoint$SocketProcessor.doRun(NioEndpoint.java:1415) [tomcat-embed-core-9.0.16.jar!/:9.0.16]
	at org.apache.tomcat.util.net.SocketProcessorBase.run(SocketProcessorBase.java:49) [tomcat-embed-core-9.0.16.jar!/:9.0.16]
	at java.util.concurrent.ThreadPoolExecutor.runWorker(ThreadPoolExecutor.java:1149) [na:1.8.0_191]
	at java.util.concurrent.ThreadPoolExecutor$Worker.run(ThreadPoolExecutor.java:624) [na:1.8.0_191]
	at org.apache.tomcat.util.threads.TaskThread$WrappingRunnable.run(TaskThread.java:61) [tomcat-embed-core-9.0.16.jar!/:9.0.16]
	at java.lang.Thread.run(Thread.java:748) [na:1.8.0_191]
Caused by: java.net.UnknownHostException: mocarlmo5: Name or service not known
	at java.net.Inet6AddressImpl.lookupAllHostAddr(Native Method) ~[na:1.8.0_191]
	at java.net.InetAddress$2.lookupAllHostAddr(InetAddress.java:929) ~[na:1.8.0_191]
	at java.net.InetAddress.getAddressesFromNameService(InetAddress.java:1324) ~[na:1.8.0_191]
	at java.net.InetAddress.getLocalHost(InetAddress.java:1501) ~[na:1.8.0_191]
	... 62 common frames omitted

2019-03-04 17:50:35.135 DEBUG 19748 --- [nio-8080-exec-2] o.s.web.servlet.DispatcherServlet        : GET "/home/register.html", parameters={}
2019-03-04 17:50:35.154 DEBUG 19748 --- [nio-8080-exec-2] o.s.w.s.handler.SimpleUrlHandlerMapping  : Mapped to ResourceHttpRequestHandler ["file:/home/", "classpath:/META-INF/resources/", "classpath:/resources/", "classpath:/public/", "classpath:/static/"]
2019-03-04 17:50:35.170 DEBUG 19748 --- [nio-8080-exec-2] o.s.web.servlet.DispatcherServlet        : Completed 200 OK
2019-03-04 17:50:35.382 DEBUG 19748 --- [nio-8080-exec-3] o.s.web.servlet.DispatcherServlet        : GET "/home/resources/css/base.css", parameters={}
2019-03-04 17:50:35.390 DEBUG 19748 --- [nio-8080-exec-3] o.s.w.s.handler.SimpleUrlHandlerMapping  : Mapped to ResourceHttpRequestHandler ["file:/home/", "classpath:/META-INF/resources/", "classpath:/resources/", "classpath:/public/", "classpath:/static/"]
2019-03-04 17:50:35.392 DEBUG 19748 --- [nio-8080-exec-3] o.s.web.servlet.DispatcherServlet        : Completed 200 OK
2019-03-04 17:50:35.397 DEBUG 19748 --- [nio-8080-exec-4] o.s.web.servlet.DispatcherServlet        : GET "/home/resources/js/jquery1.12.2.js", parameters={}
2019-03-04 17:50:35.403 DEBUG 19748 --- [nio-8080-exec-4] o.s.w.s.handler.SimpleUrlHandlerMapping  : Mapped to ResourceHttpRequestHandler ["file:/home/", "classpath:/META-INF/resources/", "classpath:/resources/", "classpath:/public/", "classpath:/static/"]
2019-03-04 17:50:35.407 DEBUG 19748 --- [nio-8080-exec-4] o.s.web.servlet.DispatcherServlet        : Completed 200 OK
2019-03-04 17:50:35.561 DEBUG 19748 --- [nio-8080-exec-5] o.s.web.servlet.DispatcherServlet        : GET "/home/resources/js/base.js", parameters={}
2019-03-04 17:50:35.565 DEBUG 19748 --- [nio-8080-exec-5] o.s.w.s.handler.SimpleUrlHandlerMapping  : Mapped to ResourceHttpRequestHandler ["file:/home/", "classpath:/META-INF/resources/", "classpath:/resources/", "classpath:/public/", "classpath:/static/"]
2019-03-04 17:50:35.567 DEBUG 19748 --- [nio-8080-exec-5] o.s.web.servlet.DispatcherServlet        : Completed 200 OK
2019-03-04 17:50:35.594 DEBUG 19748 --- [nio-8080-exec-6] o.s.web.servlet.DispatcherServlet        : GET "/home/resources/img/background.png", parameters={}
2019-03-04 17:50:35.598 DEBUG 19748 --- [nio-8080-exec-6] o.s.w.s.handler.SimpleUrlHandlerMapping  : Mapped to ResourceHttpRequestHandler ["file:/home/", "classpath:/META-INF/resources/", "classpath:/resources/", "classpath:/public/", "classpath:/static/"]
2019-03-04 17:50:35.601 DEBUG 19748 --- [nio-8080-exec-6] o.s.web.servlet.DispatcherServlet        : Completed 200 OK
2019-03-04 17:50:41.339 DEBUG 19748 --- [nio-8080-exec-8] o.s.web.servlet.DispatcherServlet        : POST "/account/validCode", parameters={masked}
2019-03-04 17:50:41.340 DEBUG 19748 --- [nio-8080-exec-8] s.w.s.m.m.a.RequestMappingHandlerMapping : Mapped to public com.nieyue.util.StateResultList<java.util.List<java.lang.String>> com.nieyue.controller.AccountController.validCode(javax.servlet.http.HttpServletRequest,javax.servlet.http.HttpSession,java.lang.String,java.lang.Integer) throws com.nieyue.exception.AccountIsExistException,com.nieyue.exception.RequestLimitException,com.nieyue.exception.CommonNotRollbackException
InvalidTimeStamp.Expired : Specified time stamp or date value is expired.
RequestId : 341D7CFA-AA07-4BCB-BE92-562DAA218117
2019-03-04 17:50:42.180 DEBUG 19748 --- [nio-8080-exec-8] .m.m.a.ExceptionHandlerExceptionResolver : Using @ExceptionHandler public com.nieyue.util.StateResult com.nieyue.exception.MyExceptionAdvice.accountMessageExceptionHandler(java.lang.Exception) throws java.lang.Exception
2019-03-04 17:50:42.184 DEBUG 19748 --- [nio-8080-exec-8] m.m.a.RequestResponseBodyMethodProcessor : Using 'application/json', given [application/json, text/javascript, */*;q=0.01] and supported [application/json, application/*+json]
2019-03-04 17:50:42.184 DEBUG 19748 --- [nio-8080-exec-8] m.m.a.RequestResponseBodyMethodProcessor : Writing [com.nieyue.util.StateResult@51ca8337]
2019-03-04 17:50:42.186 DEBUG 19748 --- [nio-8080-exec-8] .m.m.a.ExceptionHandlerExceptionResolver : Resolved [com.nieyue.exception.AccountMessageException]
2019-03-04 17:50:42.186 DEBUG 19748 --- [nio-8080-exec-8] o.s.web.servlet.DispatcherServlet        : Completed 200 OK
